2017-12-21 18:20:29,880 INFO : Start reading files
2017-12-21 18:20:29,880 INFO : Using these genotype files: 
2017-12-21 18:20:29,880 INFO : example.gen
2017-12-21 18:20:29,880 INFO : Total of 1 genotype files
2017-12-21 18:20:30,225 INFO : Using the GWAS file: gwasfile.txt
2017-12-21 18:20:31,737 INFO : Showing top 5 rows of GWAS file
2017-12-21 18:20:32,359 INFO : System recognizes the following information in the GWAS based on user inputs:
2017-12-21 18:20:32,360 INFO : SNP ID : Column 1
2017-12-21 18:20:32,360 INFO : P-values : Column 2
2017-12-21 18:20:32,360 INFO : Effect size : Column 3
2017-12-21 18:20:32,360 INFO : Allele A1 : Column 4
2017-12-21 18:20:32,360 INFO : Allele A2 : Column 5
2017-12-21 18:20:33,548 INFO : Genotype data format : GEN
2017-12-21 18:20:33,548 INFO : Determining strand alignment without using MAF; All ambiguous SNPs will be discarded
2017-12-21 18:20:36,583 INFO : Generating genotype dosage while taking into account difference in strand alignment
2017-12-21 18:20:36,951 INFO : Dosage generated in 3.4 seconds
2017-12-21 18:20:37,160 INFO : Detected 260 samples in genotype data
2017-12-21 18:20:37,667 INFO : Started calculating PRS at each threshold
2017-12-21 18:20:38,481 INFO : Filtered GWAS at threshold of 0.5. Time spent : 0.8 seconds
2017-12-21 18:20:39,338 INFO : Finished calculating PRS at threshold of 0.5. Time spent : 0.9 seconds
2017-12-21 18:20:39,993 INFO : Filtered GWAS at threshold of 0.2. Time spent : 0.7 seconds
2017-12-21 18:20:40,505 INFO : Finished calculating PRS at threshold of 0.2. Time spent : 0.5 seconds
2017-12-21 18:20:41,051 INFO : Filtered GWAS at threshold of 0.1. Time spent : 0.5 seconds
2017-12-21 18:20:41,458 INFO : Finished calculating PRS at threshold of 0.1. Time spent : 0.4 seconds
2017-12-21 18:20:41,928 INFO : Filtered GWAS at threshold of 0.05. Time spent : 0.5 seconds
2017-12-21 18:20:42,224 INFO : Finished calculating PRS at threshold of 0.05. Time spent : 0.3 seconds
2017-12-21 18:20:42,659 INFO : Filtered GWAS at threshold of 0.01. Time spent : 0.4 seconds
2017-12-21 18:20:42,860 INFO : Finished calculating PRS at threshold of 0.01. Time spent : 0.2 seconds
2017-12-21 18:20:43,434 INFO : Filtered GWAS at threshold of 0.001. Time spent : 0.6 seconds
2017-12-21 18:20:43,620 INFO : Finished calculating PRS at threshold of 0.001. Time spent : 0.2 seconds
2017-12-21 18:20:44,093 INFO : Filtered GWAS at threshold of 0.0001. Time spent : 0.5 seconds
2017-12-21 18:20:44,123 WARNING : No SNPs left at threshold 0.0001
2017-12-21 18:20:44,123 INFO : Successfully wrote log to example_gen.snplog
2017-12-21 18:20:44,127 INFO : This sample file was used to provide sample ID : example.sample
2017-12-21 18:20:44,127 INFO : Collected 260 sample labels
2017-12-21 18:20:44,129 INFO : Successfully wrote scores to example_gen.score
2017-12-21 18:20:45,123 INFO : Total calculation time : 0 hrs 00 min 16 sec
